This is LuaHBTeX, Version 1.14.0 (TeX Live 2022/dev/Debian)  (format=lualatex 2023.2.5)  5 FEB 2023 02:21
 restricted system commands enabled.
**2.tex
(./2.tex
LaTeX2e <2021-11-15> patch level 1
[\directlua]:1: module 'luaotfload-main' not found:
	no field package.preload['luaotfload-main']
	[kpse lua searcher] file not found: 'luaotfload-main'
Error in luaotfload: reverting to OT1 L3 programming layer <2022-01-21>
Inserting `tracingstacklevels' at position 1 in `input_level_string'.
! Undefined control sequence.
l.1 \section
          {The Adjoint Operator}
? x


Here is how much of LuaTeX's memory you used:
 19 strings out of 477805
 100000,383344 words of node,token memory allocated 275 words of node memory still in use:
   1 hlist, 1 dir, 39 glue_spec nodes
   avail lists: 2:12,3:3,4:1
 20835 multiletter control sequences out of 65536+600000
 14 fonts using 591679 bytes
 13i,0n,12p,39b,15s stack positions out of 5000i,500n,10000p,200000b,80000s

warning  (pdf backend): no pages of output.

PDF statistics: 0 PDF objects out of 1000 (max. 8388607)
 0 named destinations out of 1000 (max. 131072)
 1 words of extra memory for PDF output out of 10000 (max. 100000000)

